Analysis & Synthesis report for processador
Sun Aug 11 19:49:39 2024
Quartus II 64-Bit Version 13.0.1 Build 232 06/12/2013 Service Pack 1 SJ Web Edition


---------------------
; Table of Contents ;
---------------------
  1. Legal Notice
  2. Analysis & Synthesis Summary
  3. Analysis & Synthesis Settings
  4. Parallel Compilation
  5. Analysis & Synthesis Source Files Read
  6. Analysis & Synthesis Resource Usage Summary
  7. Analysis & Synthesis Resource Utilization by Entity
  8. Analysis & Synthesis RAM Summary
  9. State Machine - |processador|ctrl_unt:CtrlU|Controler:Ctrl|stateReg
 10. User-Specified and Inferred Latches
 11. Registers Removed During Synthesis
 12. Removed Registers Triggering Further Register Optimizations
 13. General Register Statistics
 14. Registers Packed Into Inferred Megafunctions
 15. Multiplexer Restructuring Statistics (Restructuring Performed)
 16. Source assignments for RAM:DMem|altsyncram:ram_rtl_0|altsyncram_qhd1:auto_generated
 17. Parameter Settings for Inferred Entity Instance: RAM:DMem|altsyncram:ram_rtl_0
 18. altsyncram Parameter Settings by Entity Instance
 19. Port Connectivity Checks: "datapath:DP|ALU:u2|somador6:sum|somador1:u7"
 20. Port Connectivity Checks: "datapath:DP"
 21. Port Connectivity Checks: "ctrl_unt:CtrlU"
 22. Elapsed Time Per Partition
 23. Analysis & Synthesis Messages



----------------
; Legal Notice ;
----------------
Copyright (C) 1991-2013 Altera Corporation
Your use of Altera Corporation's design tools, logic functions 
and other software and tools, and its AMPP partner logic 
functions, and any output files from any of the foregoing 
(including device programming or simulation files), and any 
associated documentation or information are expressly subject 
to the terms and conditions of the Altera Program License 
Subscription Agreement, Altera MegaCore Function License 
Agreement, or other applicable license agreement, including, 
without limitation, that your use is for the sole purpose of 
programming logic devices manufactured by Altera and sold by 
Altera or its authorized distributors.  Please refer to the 
applicable agreement for further details.



+--------------------------------------------------------------------------------------+
; Analysis & Synthesis Summary                                                         ;
+------------------------------------+-------------------------------------------------+
; Analysis & Synthesis Status        ; Successful - Sun Aug 11 19:49:39 2024           ;
; Quartus II 64-Bit Version          ; 13.0.1 Build 232 06/12/2013 SP 1 SJ Web Edition ;
; Revision Name                      ; processador                                     ;
; Top-level Entity Name              ; processador                                     ;
; Family                             ; Cyclone II                                      ;
; Total logic elements               ; 175                                             ;
;     Total combinational functions  ; 138                                             ;
;     Dedicated logic registers      ; 85                                              ;
; Total registers                    ; 85                                              ;
; Total pins                         ; 51                                              ;
; Total virtual pins                 ; 0                                               ;
; Total memory bits                  ; 128                                             ;
; Embedded Multiplier 9-bit elements ; 0                                               ;
; Total PLLs                         ; 0                                               ;
+------------------------------------+-------------------------------------------------+


+----------------------------------------------------------------------------------------------------------------------+
; Analysis & Synthesis Settings                                                                                        ;
+----------------------------------------------------------------------------+--------------------+--------------------+
; Option                                                                     ; Setting            ; Default Value      ;
+----------------------------------------------------------------------------+--------------------+--------------------+
; Top-level entity name                                                      ; processador        ; processador        ;
; Family name                                                                ; Cyclone II         ; Cyclone IV GX      ;
; Use smart compilation                                                      ; Off                ; Off                ;
; Enable parallel Assembler and TimeQuest Timing Analyzer during compilation ; On                 ; On                 ;
; Enable compact report table                                                ; Off                ; Off                ;
; Restructure Multiplexers                                                   ; Auto               ; Auto               ;
; Create Debugging Nodes for IP Cores                                        ; Off                ; Off                ;
; Preserve fewer node names                                                  ; On                 ; On                 ;
; Disable OpenCore Plus hardware evaluation                                  ; Off                ; Off                ;
; Verilog Version                                                            ; Verilog_2001       ; Verilog_2001       ;
; VHDL Version                                                               ; VHDL_1993          ; VHDL_1993          ;
; State Machine Processing                                                   ; Auto               ; Auto               ;
; Safe State Machine                                                         ; Off                ; Off                ;
; Extract Verilog State Machines                                             ; On                 ; On                 ;
; Extract VHDL State Machines                                                ; On                 ; On                 ;
; Ignore Verilog initial constructs                                          ; Off                ; Off                ;
; Iteration limit for constant Verilog loops                                 ; 5000               ; 5000               ;
; Iteration limit for non-constant Verilog loops                             ; 250                ; 250                ;
; Add Pass-Through Logic to Inferred RAMs                                    ; On                 ; On                 ;
; Infer RAMs from Raw Logic                                                  ; On                 ; On                 ;
; Parallel Synthesis                                                         ; On                 ; On                 ;
; DSP Block Balancing                                                        ; Auto               ; Auto               ;
; NOT Gate Push-Back                                                         ; On                 ; On                 ;
; Power-Up Don't Care                                                        ; On                 ; On                 ;
; Remove Redundant Logic Cells                                               ; Off                ; Off                ;
; Remove Duplicate Registers                                                 ; On                 ; On                 ;
; Ignore CARRY Buffers                                                       ; Off                ; Off                ;
; Ignore CASCADE Buffers                                                     ; Off                ; Off                ;
; Ignore GLOBAL Buffers                                                      ; Off                ; Off                ;
; Ignore ROW GLOBAL Buffers                                                  ; Off                ; Off                ;
; Ignore LCELL Buffers                                                       ; Off                ; Off                ;
; Ignore SOFT Buffers                                                        ; On                 ; On                 ;
; Limit AHDL Integers to 32 Bits                                             ; Off                ; Off                ;
; Optimization Technique                                                     ; Balanced           ; Balanced           ;
; Carry Chain Length                                                         ; 70                 ; 70                 ;
; Auto Carry Chains                                                          ; On                 ; On                 ;
; Auto Open-Drain Pins                                                       ; On                 ; On                 ;
; Perform WYSIWYG Primitive Resynthesis                                      ; Off                ; Off                ;
; Auto ROM Replacement                                                       ; On                 ; On                 ;
; Auto RAM Replacement                                                       ; On                 ; On                 ;
; Auto Shift Register Replacement                                            ; Auto               ; Auto               ;
; Allow Shift Register Merging across Hierarchies                            ; Auto               ; Auto               ;
; Auto Clock Enable Replacement                                              ; On                 ; On                 ;
; Strict RAM Replacement                                                     ; Off                ; Off                ;
; Allow Synchronous Control Signals                                          ; On                 ; On                 ;
; Force Use of Synchronous Clear Signals                                     ; Off                ; Off                ;
; Auto RAM to Logic Cell Conversion                                          ; Off                ; Off                ;
; Auto Resource Sharing                                                      ; Off                ; Off                ;
; Allow Any RAM Size For Recognition                                         ; Off                ; Off                ;
; Allow Any ROM Size For Recognition                                         ; Off                ; Off                ;
; Allow Any Shift Register Size For Recognition                              ; Off                ; Off                ;
; Use LogicLock Constraints during Resource Balancing                        ; On                 ; On                 ;
; Ignore translate_off and synthesis_off directives                          ; Off                ; Off                ;
; Timing-Driven Synthesis                                                    ; Off                ; Off                ;
; Report Parameter Settings                                                  ; On                 ; On                 ;
; Report Source Assignments                                                  ; On                 ; On                 ;
; Report Connectivity Checks                                                 ; On                 ; On                 ;
; Ignore Maximum Fan-Out Assignments                                         ; Off                ; Off                ;
; Synchronization Register Chain Length                                      ; 2                  ; 2                  ;
; PowerPlay Power Optimization                                               ; Normal compilation ; Normal compilation ;
; HDL message level                                                          ; Level2             ; Level2             ;
; Suppress Register Optimization Related Messages                            ; Off                ; Off                ;
; Number of Removed Registers Reported in Synthesis Report                   ; 5000               ; 5000               ;
; Number of Swept Nodes Reported in Synthesis Report                         ; 5000               ; 5000               ;
; Number of Inverted Registers Reported in Synthesis Report                  ; 100                ; 100                ;
; Clock MUX Protection                                                       ; On                 ; On                 ;
; Auto Gated Clock Conversion                                                ; Off                ; Off                ;
; Block Design Naming                                                        ; Auto               ; Auto               ;
; SDC constraint protection                                                  ; Off                ; Off                ;
; Synthesis Effort                                                           ; Auto               ; Auto               ;
; Shift Register Replacement - Allow Asynchronous Clear Signal               ; On                 ; On                 ;
; Pre-Mapping Resynthesis Optimization                                       ; Off                ; Off                ;
; Analysis & Synthesis Message Level                                         ; Medium             ; Medium             ;
; Disable Register Merging Across Hierarchies                                ; Auto               ; Auto               ;
; Resource Aware Inference For Block RAM                                     ; On                 ; On                 ;
; Synthesis Seed                                                             ; 1                  ; 1                  ;
+----------------------------------------------------------------------------+--------------------+--------------------+


Parallel compilation was disabled, but you have multiple processors available. Enable parallel compilation to reduce compilation time.
+-------------------------------------+
; Parallel Compilation                ;
+----------------------------+--------+
; Processors                 ; Number ;
+----------------------------+--------+
; Number detected on machine ; 6      ;
; Maximum allowed            ; 1      ;
+----------------------------+--------+


+-----------------------------------------------------------------------------------------------------------------------------------------------------------------------+
; Analysis & Synthesis Source Files Read                                                                                                                                ;
+----------------------------------+-----------------+------------------------------+-------------------------------------------------------------------------+---------+
; File Name with User-Entered Path ; Used in Netlist ; File Type                    ; File Name with Absolute Path                                            ; Library ;
+----------------------------------+-----------------+------------------------------+-------------------------------------------------------------------------+---------+
; processador.vhd                  ; yes             ; Auto-Found VHDL File         ; C:/altera/13.0sp1/processador/processador.vhd                           ;         ;
; ctrl_unt.vhd                     ; yes             ; Auto-Found VHDL File         ; C:/altera/13.0sp1/processador/ctrl_unt.vhd                              ;         ;
; ir.vhd                           ; yes             ; Auto-Found VHDL File         ; C:/altera/13.0sp1/processador/ir.vhd                                    ;         ;
; pc.vhd                           ; yes             ; Auto-Found VHDL File         ; C:/altera/13.0sp1/processador/pc.vhd                                    ;         ;
; controler.vhd                    ; yes             ; Auto-Found VHDL File         ; C:/altera/13.0sp1/processador/controler.vhd                             ;         ;
; datapath.vhd                     ; yes             ; Auto-Found VHDL File         ; C:/altera/13.0sp1/processador/datapath.vhd                              ;         ;
; mux3x1.vhd                       ; yes             ; Auto-Found VHDL File         ; C:/altera/13.0sp1/processador/mux3x1.vhd                                ;         ;
; regfile.vhd                      ; yes             ; Auto-Found VHDL File         ; C:/altera/13.0sp1/processador/regfile.vhd                               ;         ;
; decode16.vhd                     ; yes             ; Auto-Found VHDL File         ; C:/altera/13.0sp1/processador/decode16.vhd                              ;         ;
; reg16.vhd                        ; yes             ; Auto-Found VHDL File         ; C:/altera/13.0sp1/processador/reg16.vhd                                 ;         ;
; mux16_1.vhd                      ; yes             ; Auto-Found VHDL File         ; C:/altera/13.0sp1/processador/mux16_1.vhd                               ;         ;
; alu.vhd                          ; yes             ; Auto-Found VHDL File         ; C:/altera/13.0sp1/processador/alu.vhd                                   ;         ;
; extalu.vhd                       ; yes             ; Auto-Found VHDL File         ; C:/altera/13.0sp1/processador/extalu.vhd                                ;         ;
; abext.vhd                        ; yes             ; Auto-Found VHDL File         ; C:/altera/13.0sp1/processador/abext.vhd                                 ;         ;
; cinext.vhd                       ; yes             ; Auto-Found VHDL File         ; C:/altera/13.0sp1/processador/cinext.vhd                                ;         ;
; somador6.vhd                     ; yes             ; Auto-Found VHDL File         ; C:/altera/13.0sp1/processador/somador6.vhd                              ;         ;
; somador1.vhd                     ; yes             ; Auto-Found VHDL File         ; C:/altera/13.0sp1/processador/somador1.vhd                              ;         ;
; mux2x1.vhd                       ; yes             ; Auto-Found VHDL File         ; C:/altera/13.0sp1/processador/mux2x1.vhd                                ;         ;
; registradorclr.vhd               ; yes             ; Auto-Found VHDL File         ; C:/altera/13.0sp1/processador/registradorclr.vhd                        ;         ;
; rom.vhd                          ; yes             ; Auto-Found VHDL File         ; C:/altera/13.0sp1/processador/rom.vhd                                   ;         ;
; ram.vhd                          ; yes             ; Auto-Found VHDL File         ; C:/altera/13.0sp1/processador/ram.vhd                                   ;         ;
; altsyncram.tdf                   ; yes             ; Megafunction                 ; c:/altera/13.0sp1/quartus/libraries/megafunctions/altsyncram.tdf        ;         ;
; stratix_ram_block.inc            ; yes             ; Megafunction                 ; c:/altera/13.0sp1/quartus/libraries/megafunctions/stratix_ram_block.inc ;         ;
; lpm_mux.inc                      ; yes             ; Megafunction                 ; c:/altera/13.0sp1/quartus/libraries/megafunctions/lpm_mux.inc           ;         ;
; lpm_decode.inc                   ; yes             ; Megafunction                 ; c:/altera/13.0sp1/quartus/libraries/megafunctions/lpm_decode.inc        ;         ;
; aglobal130.inc                   ; yes             ; Megafunction                 ; c:/altera/13.0sp1/quartus/libraries/megafunctions/aglobal130.inc        ;         ;
; a_rdenreg.inc                    ; yes             ; Megafunction                 ; c:/altera/13.0sp1/quartus/libraries/megafunctions/a_rdenreg.inc         ;         ;
; altrom.inc                       ; yes             ; Megafunction                 ; c:/altera/13.0sp1/quartus/libraries/megafunctions/altrom.inc            ;         ;
; altram.inc                       ; yes             ; Megafunction                 ; c:/altera/13.0sp1/quartus/libraries/megafunctions/altram.inc            ;         ;
; altdpram.inc                     ; yes             ; Megafunction                 ; c:/altera/13.0sp1/quartus/libraries/megafunctions/altdpram.inc          ;         ;
; db/altsyncram_qhd1.tdf           ; yes             ; Auto-Generated Megafunction  ; C:/altera/13.0sp1/processador/db/altsyncram_qhd1.tdf                    ;         ;
+----------------------------------+-----------------+------------------------------+-------------------------------------------------------------------------+---------+


+-----------------------------------------------------+
; Analysis & Synthesis Resource Usage Summary         ;
+---------------------------------------------+-------+
; Resource                                    ; Usage ;
+---------------------------------------------+-------+
; Estimated Total logic elements              ; 175   ;
;                                             ;       ;
; Total combinational functions               ; 138   ;
; Logic element usage by number of LUT inputs ;       ;
;     -- 4 input functions                    ; 68    ;
;     -- 3 input functions                    ; 58    ;
;     -- <=2 input functions                  ; 12    ;
;                                             ;       ;
; Logic elements by mode                      ;       ;
;     -- normal mode                          ; 124   ;
;     -- arithmetic mode                      ; 14    ;
;                                             ;       ;
; Total registers                             ; 85    ;
;     -- Dedicated logic registers            ; 85    ;
;     -- I/O registers                        ; 0     ;
;                                             ;       ;
; I/O pins                                    ; 51    ;
; Total memory bits                           ; 128   ;
; Embedded Multiplier 9-bit elements          ; 0     ;
; Maximum fan-out node                        ; clk   ;
; Maximum fan-out                             ; 93    ;
; Total fan-out                               ; 866   ;
; Average fan-out                             ; 3.07  ;
+---------------------------------------------+-------+


+--------------------------------------------------------------------------------------------------------------------------------------------------------------------------------------------------------------------------------------------------+
; Analysis & Synthesis Resource Utilization by Entity                                                                                                                                                                                              ;
+-------------------------------------------+-------------------+--------------+-------------+--------------+---------+-----------+------+--------------+---------------------------------------------------------------------------+--------------+
; Compilation Hierarchy Node                ; LC Combinationals ; LC Registers ; Memory Bits ; DSP Elements ; DSP 9x9 ; DSP 18x18 ; Pins ; Virtual Pins ; Full Hierarchy Name                                                       ; Library Name ;
+-------------------------------------------+-------------------+--------------+-------------+--------------+---------+-----------+------+--------------+---------------------------------------------------------------------------+--------------+
; |processador                              ; 138 (0)           ; 85 (0)       ; 128         ; 0            ; 0       ; 0         ; 51   ; 0            ; |processador                                                              ; work         ;
;    |RAM:DMem|                             ; 1 (1)             ; 4 (4)        ; 128         ; 0            ; 0       ; 0         ; 0    ; 0            ; |processador|RAM:DMem                                                     ; work         ;
;       |altsyncram:ram_rtl_0|              ; 0 (0)             ; 0 (0)        ; 128         ; 0            ; 0       ; 0         ; 0    ; 0            ; |processador|RAM:DMem|altsyncram:ram_rtl_0                                ; work         ;
;          |altsyncram_qhd1:auto_generated| ; 0 (0)             ; 0 (0)        ; 128         ; 0            ; 0       ; 0         ; 0    ; 0            ; |processador|RAM:DMem|altsyncram:ram_rtl_0|altsyncram_qhd1:auto_generated ; work         ;
;    |ROM:InstMem|                          ; 7 (7)             ; 7 (7)        ; 0           ; 0            ; 0       ; 0         ; 0    ; 0            ; |processador|ROM:InstMem                                                  ; work         ;
;    |ctrl_unt:CtrlU|                       ; 40 (0)            ; 22 (0)       ; 0           ; 0            ; 0       ; 0         ; 0    ; 0            ; |processador|ctrl_unt:CtrlU                                               ; work         ;
;       |Controler:Ctrl|                    ; 27 (27)           ; 11 (11)      ; 0           ; 0            ; 0       ; 0         ; 0    ; 0            ; |processador|ctrl_unt:CtrlU|Controler:Ctrl                                ; work         ;
;       |IR:Instruction|                    ; 0 (0)             ; 7 (7)        ; 0           ; 0            ; 0       ; 0         ; 0    ; 0            ; |processador|ctrl_unt:CtrlU|IR:Instruction                                ; work         ;
;       |PC:Pogram|                         ; 13 (13)           ; 4 (4)        ; 0           ; 0            ; 0       ; 0         ; 0    ; 0            ; |processador|ctrl_unt:CtrlU|PC:Pogram                                     ; work         ;
;    |datapath:DP|                          ; 90 (2)            ; 52 (0)       ; 0           ; 0            ; 0       ; 0         ; 0    ; 0            ; |processador|datapath:DP                                                  ; work         ;
;       |ALU:u2|                            ; 32 (0)            ; 0 (0)        ; 0           ; 0            ; 0       ; 0         ; 0    ; 0            ; |processador|datapath:DP|ALU:u2                                           ; work         ;
;          |extALU:alu|                     ; 9 (0)             ; 0 (0)        ; 0           ; 0            ; 0       ; 0         ; 0    ; 0            ; |processador|datapath:DP|ALU:u2|extALU:alu                                ; work         ;
;             |abext:i0|                    ; 1 (1)             ; 0 (0)        ; 0           ; 0            ; 0       ; 0         ; 0    ; 0            ; |processador|datapath:DP|ALU:u2|extALU:alu|abext:i0                       ; work         ;
;             |abext:i1|                    ; 1 (1)             ; 0 (0)        ; 0           ; 0            ; 0       ; 0         ; 0    ; 0            ; |processador|datapath:DP|ALU:u2|extALU:alu|abext:i1                       ; work         ;
;             |abext:i2|                    ; 1 (1)             ; 0 (0)        ; 0           ; 0            ; 0       ; 0         ; 0    ; 0            ; |processador|datapath:DP|ALU:u2|extALU:alu|abext:i2                       ; work         ;
;             |abext:i3|                    ; 1 (1)             ; 0 (0)        ; 0           ; 0            ; 0       ; 0         ; 0    ; 0            ; |processador|datapath:DP|ALU:u2|extALU:alu|abext:i3                       ; work         ;
;             |abext:i4|                    ; 1 (1)             ; 0 (0)        ; 0           ; 0            ; 0       ; 0         ; 0    ; 0            ; |processador|datapath:DP|ALU:u2|extALU:alu|abext:i4                       ; work         ;
;             |abext:i5|                    ; 1 (1)             ; 0 (0)        ; 0           ; 0            ; 0       ; 0         ; 0    ; 0            ; |processador|datapath:DP|ALU:u2|extALU:alu|abext:i5                       ; work         ;
;             |abext:i6|                    ; 1 (1)             ; 0 (0)        ; 0           ; 0            ; 0       ; 0         ; 0    ; 0            ; |processador|datapath:DP|ALU:u2|extALU:alu|abext:i6                       ; work         ;
;             |abext:i7|                    ; 2 (2)             ; 0 (0)        ; 0           ; 0            ; 0       ; 0         ; 0    ; 0            ; |processador|datapath:DP|ALU:u2|extALU:alu|abext:i7                       ; work         ;
;          |somador6:sum|                   ; 23 (0)            ; 0 (0)        ; 0           ; 0            ; 0       ; 0         ; 0    ; 0            ; |processador|datapath:DP|ALU:u2|somador6:sum                              ; work         ;
;             |somador1:u0|                 ; 23 (23)           ; 0 (0)        ; 0           ; 0            ; 0       ; 0         ; 0    ; 0            ; |processador|datapath:DP|ALU:u2|somador6:sum|somador1:u0                  ; work         ;
;       |mux2x1:u3|                         ; 4 (4)             ; 0 (0)        ; 0           ; 0            ; 0       ; 0         ; 0    ; 0            ; |processador|datapath:DP|mux2x1:u3                                        ; work         ;
;       |regfile:u1|                        ; 52 (0)            ; 48 (0)       ; 0           ; 0            ; 0       ; 0         ; 0    ; 0            ; |processador|datapath:DP|regfile:u1                                       ; work         ;
;          |decode16:deco0|                 ; 4 (4)             ; 0 (0)        ; 0           ; 0            ; 0       ; 0         ; 0    ; 0            ; |processador|datapath:DP|regfile:u1|decode16:deco0                        ; work         ;
;          |mux16_1:mux0|                   ; 24 (24)           ; 0 (0)        ; 0           ; 0            ; 0       ; 0         ; 0    ; 0            ; |processador|datapath:DP|regfile:u1|mux16_1:mux0                          ; work         ;
;          |mux16_1:mux1|                   ; 24 (24)           ; 0 (0)        ; 0           ; 0            ; 0       ; 0         ; 0    ; 0            ; |processador|datapath:DP|regfile:u1|mux16_1:mux1                          ; work         ;
;          |reg16:reg0|                     ; 0 (0)             ; 8 (8)        ; 0           ; 0            ; 0       ; 0         ; 0    ; 0            ; |processador|datapath:DP|regfile:u1|reg16:reg0                            ; work         ;
;          |reg16:reg1|                     ; 0 (0)             ; 8 (8)        ; 0           ; 0            ; 0       ; 0         ; 0    ; 0            ; |processador|datapath:DP|regfile:u1|reg16:reg1                            ; work         ;
;          |reg16:reg2|                     ; 0 (0)             ; 8 (8)        ; 0           ; 0            ; 0       ; 0         ; 0    ; 0            ; |processador|datapath:DP|regfile:u1|reg16:reg2                            ; work         ;
;          |reg16:reg3|                     ; 0 (0)             ; 8 (8)        ; 0           ; 0            ; 0       ; 0         ; 0    ; 0            ; |processador|datapath:DP|regfile:u1|reg16:reg3                            ; work         ;
;          |reg16:rp|                       ; 0 (0)             ; 8 (8)        ; 0           ; 0            ; 0       ; 0         ; 0    ; 0            ; |processador|datapath:DP|regfile:u1|reg16:rp                              ; work         ;
;          |reg16:rq|                       ; 0 (0)             ; 8 (8)        ; 0           ; 0            ; 0       ; 0         ; 0    ; 0            ; |processador|datapath:DP|regfile:u1|reg16:rq                              ; work         ;
;       |registradorclr:u4|                 ; 0 (0)             ; 4 (4)        ; 0           ; 0            ; 0       ; 0         ; 0    ; 0            ; |processador|datapath:DP|registradorclr:u4                                ; work         ;
+-------------------------------------------+-------------------+--------------+-------------+--------------+---------+-----------+------+--------------+---------------------------------------------------------------------------+--------------+
Note: For table entries with two numbers listed, the numbers in parentheses indicate the number of resources of the given type used by the specific entity alone. The numbers listed outside of parentheses indicate the total resources of the given type used by the specific entity and all of its sub-entities in the hierarchy.


+-----------------------------------------------------------------------------------------------------------------------------------------------------------------------------+
; Analysis & Synthesis RAM Summary                                                                                                                                            ;
+-------------------------------------------------------------------------+------+------------------+--------------+--------------+--------------+--------------+------+------+
; Name                                                                    ; Type ; Mode             ; Port A Depth ; Port A Width ; Port B Depth ; Port B Width ; Size ; MIF  ;
+-------------------------------------------------------------------------+------+------------------+--------------+--------------+--------------+--------------+------+------+
; RAM:DMem|altsyncram:ram_rtl_0|altsyncram_qhd1:auto_generated|ALTSYNCRAM ; AUTO ; Simple Dual Port ; 16           ; 8            ; 16           ; 8            ; 128  ; None ;
+-------------------------------------------------------------------------+------+------------------+--------------+--------------+--------------+--------------+------+------+


Encoding Type:  One-Hot
+-------------------------------------------------------------------------------------------------------------------------------------------------------------------------------------------------------------------------+
; State Machine - |processador|ctrl_unt:CtrlU|Controler:Ctrl|stateReg                                                                                                                                                     ;
+---------------------+---------------+-----------------+---------------------+-------------------+--------------------+--------------+----------------+---------------+-----------------+----------------+---------------+
; Name                ; stateReg.LDAI ; stateReg.Saltar ; stateReg.JumpIfZero ; stateReg.Subtract ; stateReg.LoadConst ; stateReg.Add ; stateReg.Store ; stateReg.Load ; stateReg.Decode ; stateReg.Fetch ; stateReg.Init ;
+---------------------+---------------+-----------------+---------------------+-------------------+--------------------+--------------+----------------+---------------+-----------------+----------------+---------------+
; stateReg.Init       ; 0             ; 0               ; 0                   ; 0                 ; 0                  ; 0            ; 0              ; 0             ; 0               ; 0              ; 0             ;
; stateReg.Fetch      ; 0             ; 0               ; 0                   ; 0                 ; 0                  ; 0            ; 0              ; 0             ; 0               ; 1              ; 1             ;
; stateReg.Decode     ; 0             ; 0               ; 0                   ; 0                 ; 0                  ; 0            ; 0              ; 0             ; 1               ; 0              ; 1             ;
; stateReg.Load       ; 0             ; 0               ; 0                   ; 0                 ; 0                  ; 0            ; 0              ; 1             ; 0               ; 0              ; 1             ;
; stateReg.Store      ; 0             ; 0               ; 0                   ; 0                 ; 0                  ; 0            ; 1              ; 0             ; 0               ; 0              ; 1             ;
; stateReg.Add        ; 0             ; 0               ; 0                   ; 0                 ; 0                  ; 1            ; 0              ; 0             ; 0               ; 0              ; 1             ;
; stateReg.LoadConst  ; 0             ; 0               ; 0                   ; 0                 ; 1                  ; 0            ; 0              ; 0             ; 0               ; 0              ; 1             ;
; stateReg.Subtract   ; 0             ; 0               ; 0                   ; 1                 ; 0                  ; 0            ; 0              ; 0             ; 0               ; 0              ; 1             ;
; stateReg.JumpIfZero ; 0             ; 0               ; 1                   ; 0                 ; 0                  ; 0            ; 0              ; 0             ; 0               ; 0              ; 1             ;
; stateReg.Saltar     ; 0             ; 1               ; 0                   ; 0                 ; 0                  ; 0            ; 0              ; 0             ; 0               ; 0              ; 1             ;
; stateReg.LDAI       ; 1             ; 0               ; 0                   ; 0                 ; 0                  ; 0            ; 0              ; 0             ; 0               ; 0              ; 1             ;
+---------------------+---------------+-----------------+---------------------+-------------------+--------------------+--------------+----------------+---------------+-----------------+----------------+---------------+


+--------------------------------------------------------------------------------------------------------------------+
; User-Specified and Inferred Latches                                                                                ;
+----------------------------------------------------+--------------------------------------+------------------------+
; Latch Name                                         ; Latch Enable Signal                  ; Free of Timing Hazards ;
+----------------------------------------------------+--------------------------------------+------------------------+
; ctrl_unt:CtrlU|Controler:Ctrl|LoadArmOff[0]        ; ctrl_unt:CtrlU|Controler:Ctrl|D_addr ; yes                    ;
; ctrl_unt:CtrlU|Controler:Ctrl|LoadArmOff[1]        ; ctrl_unt:CtrlU|Controler:Ctrl|D_addr ; yes                    ;
; ctrl_unt:CtrlU|Controler:Ctrl|LoadArmOff[2]        ; ctrl_unt:CtrlU|Controler:Ctrl|D_addr ; yes                    ;
; Number of user-specified and inferred latches = 3  ;                                      ;                        ;
+----------------------------------------------------+--------------------------------------+------------------------+
Note: All latches listed above may not be present at the end of synthesis due to various synthesis optimizations.


+--------------------------------------------------------------------------------------------------------------+
; Registers Removed During Synthesis                                                                           ;
+--------------------------------------------------------+-----------------------------------------------------+
; Register name                                          ; Reason for Removal                                  ;
+--------------------------------------------------------+-----------------------------------------------------+
; ROM:InstMem|data_output[3,4,6,7,10,11,15]              ; Stuck at GND due to stuck port data_in              ;
; ctrl_unt:CtrlU|IR:Instruction|IR_reg[3,4,6,7,10,11,15] ; Stuck at GND due to stuck port data_in              ;
; datapath:DP|regfile:u1|reg16:reg15|Q[0..7]             ; Lost fanout                                         ;
; datapath:DP|regfile:u1|reg16:reg14|Q[0..7]             ; Lost fanout                                         ;
; datapath:DP|regfile:u1|reg16:reg13|Q[0..7]             ; Lost fanout                                         ;
; datapath:DP|regfile:u1|reg16:reg12|Q[0..7]             ; Lost fanout                                         ;
; datapath:DP|regfile:u1|reg16:reg11|Q[0..7]             ; Lost fanout                                         ;
; datapath:DP|regfile:u1|reg16:reg10|Q[0..7]             ; Lost fanout                                         ;
; datapath:DP|regfile:u1|reg16:reg9|Q[0..7]              ; Lost fanout                                         ;
; datapath:DP|regfile:u1|reg16:reg8|Q[0..7]              ; Lost fanout                                         ;
; ROM:InstMem|data_output[9]                             ; Merged with ROM:InstMem|data_output[1]              ;
; ROM:InstMem|data_output[14]                            ; Merged with ROM:InstMem|data_output[5]              ;
; ctrl_unt:CtrlU|IR:Instruction|IR_reg[9]                ; Merged with ctrl_unt:CtrlU|IR:Instruction|IR_reg[1] ;
; ctrl_unt:CtrlU|IR:Instruction|IR_reg[14]               ; Merged with ctrl_unt:CtrlU|IR:Instruction|IR_reg[5] ;
; datapath:DP|regfile:u1|reg16:reg5|Q[0]                 ; Merged with datapath:DP|regfile:u1|reg16:reg4|Q[0]  ;
; datapath:DP|regfile:u1|reg16:reg6|Q[0]                 ; Merged with datapath:DP|regfile:u1|reg16:reg4|Q[0]  ;
; datapath:DP|regfile:u1|reg16:reg7|Q[0]                 ; Merged with datapath:DP|regfile:u1|reg16:reg4|Q[0]  ;
; datapath:DP|regfile:u1|reg16:reg5|Q[1]                 ; Merged with datapath:DP|regfile:u1|reg16:reg4|Q[1]  ;
; datapath:DP|regfile:u1|reg16:reg6|Q[1]                 ; Merged with datapath:DP|regfile:u1|reg16:reg4|Q[1]  ;
; datapath:DP|regfile:u1|reg16:reg7|Q[1]                 ; Merged with datapath:DP|regfile:u1|reg16:reg4|Q[1]  ;
; datapath:DP|regfile:u1|reg16:reg5|Q[2]                 ; Merged with datapath:DP|regfile:u1|reg16:reg4|Q[2]  ;
; datapath:DP|regfile:u1|reg16:reg6|Q[2]                 ; Merged with datapath:DP|regfile:u1|reg16:reg4|Q[2]  ;
; datapath:DP|regfile:u1|reg16:reg7|Q[2]                 ; Merged with datapath:DP|regfile:u1|reg16:reg4|Q[2]  ;
; datapath:DP|regfile:u1|reg16:reg5|Q[3]                 ; Merged with datapath:DP|regfile:u1|reg16:reg4|Q[3]  ;
; datapath:DP|regfile:u1|reg16:reg6|Q[3]                 ; Merged with datapath:DP|regfile:u1|reg16:reg4|Q[3]  ;
; datapath:DP|regfile:u1|reg16:reg7|Q[3]                 ; Merged with datapath:DP|regfile:u1|reg16:reg4|Q[3]  ;
; datapath:DP|regfile:u1|reg16:reg5|Q[4]                 ; Merged with datapath:DP|regfile:u1|reg16:reg4|Q[4]  ;
; datapath:DP|regfile:u1|reg16:reg6|Q[4]                 ; Merged with datapath:DP|regfile:u1|reg16:reg4|Q[4]  ;
; datapath:DP|regfile:u1|reg16:reg7|Q[4]                 ; Merged with datapath:DP|regfile:u1|reg16:reg4|Q[4]  ;
; datapath:DP|regfile:u1|reg16:reg5|Q[5]                 ; Merged with datapath:DP|regfile:u1|reg16:reg4|Q[5]  ;
; datapath:DP|regfile:u1|reg16:reg6|Q[5]                 ; Merged with datapath:DP|regfile:u1|reg16:reg4|Q[5]  ;
; datapath:DP|regfile:u1|reg16:reg7|Q[5]                 ; Merged with datapath:DP|regfile:u1|reg16:reg4|Q[5]  ;
; datapath:DP|regfile:u1|reg16:reg5|Q[6]                 ; Merged with datapath:DP|regfile:u1|reg16:reg4|Q[6]  ;
; datapath:DP|regfile:u1|reg16:reg6|Q[6]                 ; Merged with datapath:DP|regfile:u1|reg16:reg4|Q[6]  ;
; datapath:DP|regfile:u1|reg16:reg7|Q[6]                 ; Merged with datapath:DP|regfile:u1|reg16:reg4|Q[6]  ;
; datapath:DP|regfile:u1|reg16:reg5|Q[7]                 ; Merged with datapath:DP|regfile:u1|reg16:reg4|Q[7]  ;
; datapath:DP|regfile:u1|reg16:reg6|Q[7]                 ; Merged with datapath:DP|regfile:u1|reg16:reg4|Q[7]  ;
; datapath:DP|regfile:u1|reg16:reg7|Q[7]                 ; Merged with datapath:DP|regfile:u1|reg16:reg4|Q[7]  ;
; datapath:DP|regfile:u1|reg16:reg4|Q[0..7]              ; Stuck at GND due to stuck port clock_enable         ;
; ctrl_unt:CtrlU|PC:Pogram|PC_reg[4]                     ; Lost fanout                                         ;
; Total Number of Removed Registers = 115                ;                                                     ;
+--------------------------------------------------------+-----------------------------------------------------+


+--------------------------------------------------------------------------------------------------------------------------------------------+
; Removed Registers Triggering Further Register Optimizations                                                                                ;
+-----------------------------+---------------------------+----------------------------------------------------------------------------------+
; Register name               ; Reason for Removal        ; Registers Removed due to This Register                                           ;
+-----------------------------+---------------------------+----------------------------------------------------------------------------------+
; ROM:InstMem|data_output[4]  ; Stuck at GND              ; ctrl_unt:CtrlU|IR:Instruction|IR_reg[4], datapath:DP|regfile:u1|reg16:reg4|Q[0], ;
;                             ; due to stuck port data_in ; datapath:DP|regfile:u1|reg16:reg4|Q[1], datapath:DP|regfile:u1|reg16:reg4|Q[2],  ;
;                             ;                           ; datapath:DP|regfile:u1|reg16:reg4|Q[4], datapath:DP|regfile:u1|reg16:reg4|Q[5],  ;
;                             ;                           ; datapath:DP|regfile:u1|reg16:reg4|Q[6], datapath:DP|regfile:u1|reg16:reg4|Q[7]   ;
; ROM:InstMem|data_output[3]  ; Stuck at GND              ; ctrl_unt:CtrlU|IR:Instruction|IR_reg[3], datapath:DP|regfile:u1|reg16:reg4|Q[3]  ;
;                             ; due to stuck port data_in ;                                                                                  ;
; ROM:InstMem|data_output[6]  ; Stuck at GND              ; ctrl_unt:CtrlU|IR:Instruction|IR_reg[6]                                          ;
;                             ; due to stuck port data_in ;                                                                                  ;
; ROM:InstMem|data_output[7]  ; Stuck at GND              ; ctrl_unt:CtrlU|IR:Instruction|IR_reg[7]                                          ;
;                             ; due to stuck port data_in ;                                                                                  ;
; ROM:InstMem|data_output[10] ; Stuck at GND              ; ctrl_unt:CtrlU|IR:Instruction|IR_reg[10]                                         ;
;                             ; due to stuck port data_in ;                                                                                  ;
; ROM:InstMem|data_output[11] ; Stuck at GND              ; ctrl_unt:CtrlU|IR:Instruction|IR_reg[11]                                         ;
;                             ; due to stuck port data_in ;                                                                                  ;
; ROM:InstMem|data_output[15] ; Stuck at GND              ; ctrl_unt:CtrlU|IR:Instruction|IR_reg[15]                                         ;
;                             ; due to stuck port data_in ;                                                                                  ;
+-----------------------------+---------------------------+----------------------------------------------------------------------------------+


+------------------------------------------------------+
; General Register Statistics                          ;
+----------------------------------------------+-------+
; Statistic                                    ; Value ;
+----------------------------------------------+-------+
; Total registers                              ; 85    ;
; Number of registers using Synchronous Clear  ; 4     ;
; Number of registers using Synchronous Load   ; 0     ;
; Number of registers using Asynchronous Clear ; 15    ;
; Number of registers using Asynchronous Load  ; 0     ;
; Number of registers using Clock Enable       ; 74    ;
; Number of registers using Preset             ; 0     ;
+----------------------------------------------+-------+


+--------------------------------------------------------+
; Registers Packed Into Inferred Megafunctions           ;
+----------------------------+--------------------+------+
; Register Name              ; Megafunction       ; Type ;
+----------------------------+--------------------+------+
; RAM:DMem|data_output[0..7] ; RAM:DMem|ram_rtl_0 ; RAM  ;
+----------------------------+--------------------+------+


+------------------------------------------------------------------------------------------------------------------------------------------------------------------------+
; Multiplexer Restructuring Statistics (Restructuring Performed)                                                                                                         ;
+--------------------+-----------+---------------+----------------------+------------------------+------------+----------------------------------------------------------+
; Multiplexer Inputs ; Bus Width ; Baseline Area ; Area if Restructured ; Saving if Restructured ; Registered ; Example Multiplexer Output                               ;
+--------------------+-----------+---------------+----------------------+------------------------+------------+----------------------------------------------------------+
; 3:1                ; 3 bits    ; 6 LEs         ; 6 LEs                ; 0 LEs                  ; Yes        ; |processador|datapath:DP|registradorclr:u4|Q_internal[0] ;
; 4:1                ; 5 bits    ; 10 LEs        ; 5 LEs                ; 5 LEs                  ; Yes        ; |processador|ctrl_unt:CtrlU|PC:Pogram|PC_reg[0]          ;
; 8:1                ; 8 bits    ; 40 LEs        ; 24 LEs               ; 16 LEs                 ; Yes        ; |processador|datapath:DP|regfile:u1|reg16:rp|Q[5]        ;
; 8:1                ; 8 bits    ; 40 LEs        ; 24 LEs               ; 16 LEs                 ; Yes        ; |processador|datapath:DP|regfile:u1|reg16:rq|Q[5]        ;
; 4:1                ; 4 bits    ; 8 LEs         ; 8 LEs                ; 0 LEs                  ; No         ; |processador|datapath:DP|mux3x1:u0|Mux4                  ;
; 5:1                ; 4 bits    ; 12 LEs        ; 8 LEs                ; 4 LEs                  ; No         ; |processador|datapath:DP|mux3x1:u0|Mux5                  ;
+--------------------+-----------+---------------+----------------------+------------------------+------------+----------------------------------------------------------+


+-------------------------------------------------------------------------------------+
; Source assignments for RAM:DMem|altsyncram:ram_rtl_0|altsyncram_qhd1:auto_generated ;
+---------------------------------+--------------------+------+-----------------------+
; Assignment                      ; Value              ; From ; To                    ;
+---------------------------------+--------------------+------+-----------------------+
; OPTIMIZE_POWER_DURING_SYNTHESIS ; NORMAL_COMPILATION ; -    ; -                     ;
+---------------------------------+--------------------+------+-----------------------+


+--------------------------------------------------------------------------------+
; Parameter Settings for Inferred Entity Instance: RAM:DMem|altsyncram:ram_rtl_0 ;
+------------------------------------+----------------------+--------------------+
; Parameter Name                     ; Value                ; Type               ;
+------------------------------------+----------------------+--------------------+
; BYTE_SIZE_BLOCK                    ; 8                    ; Untyped            ;
; AUTO_CARRY_CHAINS                  ; ON                   ; AUTO_CARRY         ;
; IGNORE_CARRY_BUFFERS               ; OFF                  ; IGNORE_CARRY       ;
; AUTO_CASCADE_CHAINS                ; ON                   ; AUTO_CASCADE       ;
; IGNORE_CASCADE_BUFFERS             ; OFF                  ; IGNORE_CASCADE     ;
; WIDTH_BYTEENA                      ; 1                    ; Untyped            ;
; OPERATION_MODE                     ; DUAL_PORT            ; Untyped            ;
; WIDTH_A                            ; 8                    ; Untyped            ;
; WIDTHAD_A                          ; 4                    ; Untyped            ;
; NUMWORDS_A                         ; 16                   ; Untyped            ;
; OUTDATA_REG_A                      ; UNREGISTERED         ; Untyped            ;
; ADDRESS_ACLR_A                     ; NONE                 ; Untyped            ;
; OUTDATA_ACLR_A                     ; NONE                 ; Untyped            ;
; WRCONTROL_ACLR_A                   ; NONE                 ; Untyped            ;
; INDATA_ACLR_A                      ; NONE                 ; Untyped            ;
; BYTEENA_ACLR_A                     ; NONE                 ; Untyped            ;
; WIDTH_B                            ; 8                    ; Untyped            ;
; WIDTHAD_B                          ; 4                    ; Untyped            ;
; NUMWORDS_B                         ; 16                   ; Untyped            ;
; INDATA_REG_B                       ; CLOCK1               ; Untyped            ;
; WRCONTROL_WRADDRESS_REG_B          ; CLOCK1               ; Untyped            ;
; RDCONTROL_REG_B                    ; CLOCK1               ; Untyped            ;
; ADDRESS_REG_B                      ; CLOCK1               ; Untyped            ;
; OUTDATA_REG_B                      ; UNREGISTERED         ; Untyped            ;
; BYTEENA_REG_B                      ; CLOCK1               ; Untyped            ;
; INDATA_ACLR_B                      ; NONE                 ; Untyped            ;
; WRCONTROL_ACLR_B                   ; NONE                 ; Untyped            ;
; ADDRESS_ACLR_B                     ; NONE                 ; Untyped            ;
; OUTDATA_ACLR_B                     ; NONE                 ; Untyped            ;
; RDCONTROL_ACLR_B                   ; NONE                 ; Untyped            ;
; BYTEENA_ACLR_B                     ; NONE                 ; Untyped            ;
; WIDTH_BYTEENA_A                    ; 1                    ; Untyped            ;
; WIDTH_BYTEENA_B                    ; 1                    ; Untyped            ;
; RAM_BLOCK_TYPE                     ; AUTO                 ; Untyped            ;
; BYTE_SIZE                          ; 8                    ; Untyped            ;
; READ_DURING_WRITE_MODE_MIXED_PORTS ; DONT_CARE            ; Untyped            ;
; READ_DURING_WRITE_MODE_PORT_A      ; NEW_DATA_NO_NBE_READ ; Untyped            ;
; READ_DURING_WRITE_MODE_PORT_B      ; NEW_DATA_NO_NBE_READ ; Untyped            ;
; INIT_FILE                          ; UNUSED               ; Untyped            ;
; INIT_FILE_LAYOUT                   ; PORT_A               ; Untyped            ;
; MAXIMUM_DEPTH                      ; 0                    ; Untyped            ;
; CLOCK_ENABLE_INPUT_A               ; NORMAL               ; Untyped            ;
; CLOCK_ENABLE_INPUT_B               ; NORMAL               ; Untyped            ;
; CLOCK_ENABLE_OUTPUT_A              ; NORMAL               ; Untyped            ;
; CLOCK_ENABLE_OUTPUT_B              ; NORMAL               ; Untyped            ;
; CLOCK_ENABLE_CORE_A                ; USE_INPUT_CLKEN      ; Untyped            ;
; CLOCK_ENABLE_CORE_B                ; USE_INPUT_CLKEN      ; Untyped            ;
; ENABLE_ECC                         ; FALSE                ; Untyped            ;
; ECC_PIPELINE_STAGE_ENABLED         ; FALSE                ; Untyped            ;
; WIDTH_ECCSTATUS                    ; 3                    ; Untyped            ;
; DEVICE_FAMILY                      ; Cyclone II           ; Untyped            ;
; CBXI_PARAMETER                     ; altsyncram_qhd1      ; Untyped            ;
+------------------------------------+----------------------+--------------------+
Note: In order to hide this table in the UI and the text report file, please set the "Show Parameter Settings in Synthesis Report" option in "Analysis and Synthesis Settings -> More Settings" to "Off".


+---------------------------------------------------------------------------+
; altsyncram Parameter Settings by Entity Instance                          ;
+-------------------------------------------+-------------------------------+
; Name                                      ; Value                         ;
+-------------------------------------------+-------------------------------+
; Number of entity instances                ; 1                             ;
; Entity Instance                           ; RAM:DMem|altsyncram:ram_rtl_0 ;
;     -- OPERATION_MODE                     ; DUAL_PORT                     ;
;     -- WIDTH_A                            ; 8                             ;
;     -- NUMWORDS_A                         ; 16                            ;
;     -- OUTDATA_REG_A                      ; UNREGISTERED                  ;
;     -- WIDTH_B                            ; 8                             ;
;     -- NUMWORDS_B                         ; 16                            ;
;     -- ADDRESS_REG_B                      ; CLOCK1                        ;
;     -- OUTDATA_REG_B                      ; UNREGISTERED                  ;
;     -- RAM_BLOCK_TYPE                     ; AUTO                          ;
;     -- READ_DURING_WRITE_MODE_MIXED_PORTS ; DONT_CARE                     ;
+-------------------------------------------+-------------------------------+


+----------------------------------------------------------------------------------------------------------------+
; Port Connectivity Checks: "datapath:DP|ALU:u2|somador6:sum|somador1:u7"                                        ;
+------+--------+----------+-------------------------------------------------------------------------------------+
; Port ; Type   ; Severity ; Details                                                                             ;
+------+--------+----------+-------------------------------------------------------------------------------------+
; co   ; Output ; Info     ; Connected to dangling logic. Logic that only feeds a dangling port will be removed. ;
+------+--------+----------+-------------------------------------------------------------------------------------+


+-------------------------------------------------------------------------------------------------------------------------+
; Port Connectivity Checks: "datapath:DP"                                                                                 ;
+---------------+--------+----------+-------------------------------------------------------------------------------------+
; Port          ; Type   ; Severity ; Details                                                                             ;
+---------------+--------+----------+-------------------------------------------------------------------------------------+
; dp_addr[7..4] ; Output ; Info     ; Connected to dangling logic. Logic that only feeds a dangling port will be removed. ;
+---------------+--------+----------+-------------------------------------------------------------------------------------+


+------------------------------------------------------------------------------------------------------------------------+
; Port Connectivity Checks: "ctrl_unt:CtrlU"                                                                             ;
+--------------+--------+----------+-------------------------------------------------------------------------------------+
; Port         ; Type   ; Severity ; Details                                                                             ;
+--------------+--------+----------+-------------------------------------------------------------------------------------+
; pc_out[7..4] ; Output ; Info     ; Connected to dangling logic. Logic that only feeds a dangling port will be removed. ;
+--------------+--------+----------+-------------------------------------------------------------------------------------+


+-------------------------------+
; Elapsed Time Per Partition    ;
+----------------+--------------+
; Partition Name ; Elapsed Time ;
+----------------+--------------+
; Top            ; 00:00:00     ;
+----------------+--------------+


+-------------------------------+
; Analysis & Synthesis Messages ;
+-------------------------------+
Info: *******************************************************************
Info: Running Quartus II 64-Bit Analysis & Synthesis
    Info: Version 13.0.1 Build 232 06/12/2013 Service Pack 1 SJ Web Edition
    Info: Processing started: Sun Aug 11 19:49:37 2024
Info: Command: quartus_map --read_settings_files=on --write_settings_files=off processador -c processador
Warning (20028): Parallel compilation is not licensed and has been disabled
Warning (12125): Using design file processador.vhd, which is not specified as a design file for the current project, but contains definitions for 2 design units and 1 entities in project
    Info (12022): Found design unit 1: processador-main
    Info (12023): Found entity 1: processador
Info (12127): Elaborating entity "processador" for the top level hierarchy
Warning (10541): VHDL Signal Declaration warning at processador.vhd(76): used implicit default value for signal "PC_setOut" because signal was never assigned a value or an explicit default value. Use of implicit default value may introduce unintended design optimizations.
Warning (12125): Using design file ctrl_unt.vhd, which is not specified as a design file for the current project, but contains definitions for 2 design units and 1 entities in project
    Info (12022): Found design unit 1: ctrl_unt-behav
    Info (12023): Found entity 1: ctrl_unt
Info (12128): Elaborating entity "ctrl_unt" for hierarchy "ctrl_unt:CtrlU"
Warning (12125): Using design file ir.vhd, which is not specified as a design file for the current project, but contains definitions for 2 design units and 1 entities in project
    Info (12022): Found design unit 1: IR-behav
    Info (12023): Found entity 1: IR
Info (12128): Elaborating entity "IR" for hierarchy "ctrl_unt:CtrlU|IR:Instruction"
Warning (12125): Using design file pc.vhd, which is not specified as a design file for the current project, but contains definitions for 2 design units and 1 entities in project
    Info (12022): Found design unit 1: PC-behav
    Info (12023): Found entity 1: PC
Info (12128): Elaborating entity "PC" for hierarchy "ctrl_unt:CtrlU|PC:Pogram"
Warning (12125): Using design file controler.vhd, which is not specified as a design file for the current project, but contains definitions for 2 design units and 1 entities in project
    Info (12022): Found design unit 1: Controler-behav
    Info (12023): Found entity 1: Controler
Info (12128): Elaborating entity "Controler" for hierarchy "ctrl_unt:CtrlU|Controler:Ctrl"
Warning (10492): VHDL Process Statement warning at controler.vhd(150): signal "LoadArmOff" is read inside the Process Statement but isn't in the Process Statement's sensitivity list
Warning (10492): VHDL Process Statement warning at controler.vhd(176): signal "LoadArmOff" is read inside the Process Statement but isn't in the Process Statement's sensitivity list
Warning (10631): VHDL Process Statement warning at controler.vhd(37): inferring latch(es) for signal or variable "LoadArmOff", which holds its previous value in one or more paths through the process
Info (10041): Inferred latch for "LoadArmOff[0]" at controler.vhd(37)
Info (10041): Inferred latch for "LoadArmOff[1]" at controler.vhd(37)
Info (10041): Inferred latch for "LoadArmOff[2]" at controler.vhd(37)
Info (10041): Inferred latch for "LoadArmOff[3]" at controler.vhd(37)
Info (10041): Inferred latch for "LoadArmOff[4]" at controler.vhd(37)
Info (10041): Inferred latch for "LoadArmOff[5]" at controler.vhd(37)
Info (10041): Inferred latch for "LoadArmOff[6]" at controler.vhd(37)
Info (10041): Inferred latch for "LoadArmOff[7]" at controler.vhd(37)
Warning (12125): Using design file datapath.vhd, which is not specified as a design file for the current project, but contains definitions for 2 design units and 1 entities in project
    Info (12022): Found design unit 1: datapath-main
    Info (12023): Found entity 1: datapath
Info (12128): Elaborating entity "datapath" for hierarchy "datapath:DP"
Warning (12125): Using design file mux3x1.vhd, which is not specified as a design file for the current project, but contains definitions for 2 design units and 1 entities in project
    Info (12022): Found design unit 1: mux3x1-main
    Info (12023): Found entity 1: mux3x1
Info (12128): Elaborating entity "Mux3x1" for hierarchy "datapath:DP|Mux3x1:u0"
Warning (12125): Using design file regfile.vhd, which is not specified as a design file for the current project, but contains definitions for 2 design units and 1 entities in project
    Info (12022): Found design unit 1: regfile-behav
    Info (12023): Found entity 1: regfile
Info (12128): Elaborating entity "regfile" for hierarchy "datapath:DP|regfile:u1"
Warning (12125): Using design file decode16.vhd, which is not specified as a design file for the current project, but contains definitions for 2 design units and 1 entities in project
    Info (12022): Found design unit 1: decode16-behav
    Info (12023): Found entity 1: decode16
Info (12128): Elaborating entity "decode16" for hierarchy "datapath:DP|regfile:u1|decode16:deco0"
Warning (12125): Using design file reg16.vhd, which is not specified as a design file for the current project, but contains definitions for 2 design units and 1 entities in project
    Info (12022): Found design unit 1: reg16-behav
    Info (12023): Found entity 1: reg16
Info (12128): Elaborating entity "reg16" for hierarchy "datapath:DP|regfile:u1|reg16:reg0"
Warning (12125): Using design file mux16_1.vhd, which is not specified as a design file for the current project, but contains definitions for 2 design units and 1 entities in project
    Info (12022): Found design unit 1: mux16_1-main
    Info (12023): Found entity 1: mux16_1
Info (12128): Elaborating entity "mux16_1" for hierarchy "datapath:DP|regfile:u1|mux16_1:mux0"
Warning (12125): Using design file alu.vhd, which is not specified as a design file for the current project, but contains definitions for 2 design units and 1 entities in project
    Info (12022): Found design unit 1: ALU-main
    Info (12023): Found entity 1: ALU
Info (12128): Elaborating entity "ALU" for hierarchy "datapath:DP|ALU:u2"
Warning (12125): Using design file extalu.vhd, which is not specified as a design file for the current project, but contains definitions for 2 design units and 1 entities in project
    Info (12022): Found design unit 1: extALU-behav
    Info (12023): Found entity 1: extALU
Info (12128): Elaborating entity "extALU" for hierarchy "datapath:DP|ALU:u2|extALU:alu"
Warning (12125): Using design file abext.vhd, which is not specified as a design file for the current project, but contains definitions for 2 design units and 1 entities in project
    Info (12022): Found design unit 1: abext-behav
    Info (12023): Found entity 1: abext
Info (12128): Elaborating entity "abext" for hierarchy "datapath:DP|ALU:u2|extALU:alu|abext:i0"
Warning (12125): Using design file cinext.vhd, which is not specified as a design file for the current project, but contains definitions for 2 design units and 1 entities in project
    Info (12022): Found design unit 1: cinext-behav
    Info (12023): Found entity 1: cinext
Info (12128): Elaborating entity "cinext" for hierarchy "datapath:DP|ALU:u2|extALU:alu|cinext:c"
Warning (12125): Using design file somador6.vhd, which is not specified as a design file for the current project, but contains definitions for 2 design units and 1 entities in project
    Info (12022): Found design unit 1: somador6-main
    Info (12023): Found entity 1: somador6
Info (12128): Elaborating entity "somador6" for hierarchy "datapath:DP|ALU:u2|somador6:sum"
Warning (12125): Using design file somador1.vhd, which is not specified as a design file for the current project, but contains definitions for 2 design units and 1 entities in project
    Info (12022): Found design unit 1: somador1-main
    Info (12023): Found entity 1: somador1
Info (12128): Elaborating entity "somador1" for hierarchy "datapath:DP|ALU:u2|somador6:sum|somador1:u0"
Warning (12125): Using design file mux2x1.vhd, which is not specified as a design file for the current project, but contains definitions for 2 design units and 1 entities in project
    Info (12022): Found design unit 1: mux2x1-main
    Info (12023): Found entity 1: mux2x1
Info (12128): Elaborating entity "Mux2x1" for hierarchy "datapath:DP|Mux2x1:u3"
Warning (12125): Using design file registradorclr.vhd, which is not specified as a design file for the current project, but contains definitions for 2 design units and 1 entities in project
    Info (12022): Found design unit 1: registradorclr-behav
    Info (12023): Found entity 1: registradorclr
Info (12128): Elaborating entity "registradorclr" for hierarchy "datapath:DP|registradorclr:u4"
Warning (12125): Using design file rom.vhd, which is not specified as a design file for the current project, but contains definitions for 2 design units and 1 entities in project
    Info (12022): Found design unit 1: ROM-behav
    Info (12023): Found entity 1: ROM
Info (12128): Elaborating entity "ROM" for hierarchy "ROM:InstMem"
Warning (10492): VHDL Process Statement warning at rom.vhd(29): signal "rom_enable" is read inside the Process Statement but isn't in the Process Statement's sensitivity list
Warning (12125): Using design file ram.vhd, which is not specified as a design file for the current project, but contains definitions for 2 design units and 1 entities in project
    Info (12022): Found design unit 1: RAM-behav
    Info (12023): Found entity 1: RAM
Info (12128): Elaborating entity "RAM" for hierarchy "RAM:DMem"
Warning (10492): VHDL Process Statement warning at ram.vhd(24): signal "mem_enable" is read inside the Process Statement but isn't in the Process Statement's sensitivity list
Warning (276027): Inferred dual-clock RAM node "RAM:DMem|ram_rtl_0" from synchronous design logic.  The read-during-write behavior of a dual-clock RAM is undefined and may not match the behavior of the original design.
Info (19000): Inferred 1 megafunctions from design logic
    Info (276029): Inferred altsyncram megafunction from the following design logic: "RAM:DMem|ram_rtl_0" 
        Info (286033): Parameter OPERATION_MODE set to DUAL_PORT
        Info (286033): Parameter WIDTH_A set to 8
        Info (286033): Parameter WIDTHAD_A set to 4
        Info (286033): Parameter NUMWORDS_A set to 16
        Info (286033): Parameter WIDTH_B set to 8
        Info (286033): Parameter WIDTHAD_B set to 4
        Info (286033): Parameter NUMWORDS_B set to 16
        Info (286033): Parameter ADDRESS_ACLR_A set to NONE
        Info (286033): Parameter OUTDATA_REG_B set to UNREGISTERED
        Info (286033): Parameter ADDRESS_ACLR_B set to NONE
        Info (286033): Parameter OUTDATA_ACLR_B set to NONE
        Info (286033): Parameter ADDRESS_REG_B set to CLOCK1
        Info (286033): Parameter INDATA_ACLR_A set to NONE
        Info (286033): Parameter WRCONTROL_ACLR_A set to NONE
Info (12130): Elaborated megafunction instantiation "RAM:DMem|altsyncram:ram_rtl_0"
Info (12133): Instantiated megafunction "RAM:DMem|altsyncram:ram_rtl_0" with the following parameter:
    Info (12134): Parameter "OPERATION_MODE" = "DUAL_PORT"
    Info (12134): Parameter "WIDTH_A" = "8"
    Info (12134): Parameter "WIDTHAD_A" = "4"
    Info (12134): Parameter "NUMWORDS_A" = "16"
    Info (12134): Parameter "WIDTH_B" = "8"
    Info (12134): Parameter "WIDTHAD_B" = "4"
    Info (12134): Parameter "NUMWORDS_B" = "16"
    Info (12134): Parameter "ADDRESS_ACLR_A" = "NONE"
    Info (12134): Parameter "OUTDATA_REG_B" = "UNREGISTERED"
    Info (12134): Parameter "ADDRESS_ACLR_B" = "NONE"
    Info (12134): Parameter "OUTDATA_ACLR_B" = "NONE"
    Info (12134): Parameter "ADDRESS_REG_B" = "CLOCK1"
    Info (12134): Parameter "INDATA_ACLR_A" = "NONE"
    Info (12134): Parameter "WRCONTROL_ACLR_A" = "NONE"
Info (12021): Found 1 design units, including 1 entities, in source file db/altsyncram_qhd1.tdf
    Info (12023): Found entity 1: altsyncram_qhd1
Warning (13024): Output pins are stuck at VCC or GND
    Warning (13410): Pin "I_data[3]" is stuck at GND
    Warning (13410): Pin "I_data[4]" is stuck at GND
    Warning (13410): Pin "I_data[6]" is stuck at GND
    Warning (13410): Pin "I_data[7]" is stuck at GND
    Warning (13410): Pin "I_data[10]" is stuck at GND
    Warning (13410): Pin "I_data[11]" is stuck at GND
    Warning (13410): Pin "I_data[15]" is stuck at GND
    Warning (13410): Pin "RF_Waddr[2]" is stuck at GND
    Warning (13410): Pin "RF_Waddr[3]" is stuck at GND
    Warning (13410): Pin "RF_RPaddr[3]" is stuck at GND
Info (17049): 65 registers lost all their fanouts during netlist optimizations.
Info (16010): Generating hard_block partition "hard_block:auto_generated_inst"
    Info (16011): Adding 0 node(s), including 0 DDIO, 0 PLL, 0 transceiver and 0 LCELL
Info (21057): Implemented 242 device resources after synthesis - the final resource count might be different
    Info (21058): Implemented 2 input pins
    Info (21059): Implemented 49 output pins
    Info (21061): Implemented 183 logic cells
    Info (21064): Implemented 8 RAM segments
Info: Quartus II 64-Bit Analysis & Synthesis was successful. 0 errors, 40 warnings
    Info: Peak virtual memory: 4644 megabytes
    Info: Processing ended: Sun Aug 11 19:49:39 2024
    Info: Elapsed time: 00:00:02
    Info: Total CPU time (on all processors): 00:00:00


